<?xml version="1.0" encoding="UTF-8"?>
<!-- Generated by org.testng.reporters.JUnitReportReporter -->
<testsuite hostname="vasu-PC" name="com.selenium.testng.AnnotationsTest1" tests="2" failures="0" timestamp="4 May 2021 03:22:59 GMT" time="0.025" errors="0">
  <testcase name="method1" time="0.020" classname="com.selenium.testng.AnnotationsTest1"/>
  <testcase name="method2" time="0.005" classname="com.selenium.testng.AnnotationsTest1"/>
</testsuite> <!-- com.selenium.testng.AnnotationsTest1 -->
