<?xml version="1.0" encoding="UTF-8"?>
<!-- Generated by org.testng.reporters.JUnitReportReporter -->
<testsuite hostname="vasu-PC" name="com.selenium.testng.AdminLoginTest" tests="1" failures="0" timestamp="4 May 2021 03:32:15 GMT" time="24.714" errors="0">
  <testcase name="adminLogin" time="24.714" classname="com.selenium.testng.AdminLoginTest"/>
</testsuite> <!-- com.selenium.testng.AdminLoginTest -->
