<?xml version="1.0" encoding="UTF-8"?>
<!-- Generated by org.testng.reporters.JUnitReportReporter -->
<testsuite hostname="vasu-PC" name="com.selenium.grid.Grid" tests="2" failures="0" timestamp="13 May 2021 03:26:44 GMT" time="30.135" errors="0">
  <testcase name="dropdownTest" time="11.364" classname="com.selenium.grid.Grid"/>
  <testcase name="dropdownTest" time="18.771" classname="com.selenium.grid.Grid"/>
</testsuite> <!-- com.selenium.grid.Grid -->
