<?xml version="1.0" encoding="UTF-8"?>
<!-- Generated by org.testng.reporters.JUnitReportReporter -->
<testsuite hostname="vasu-PC" name="com.selenium.testng.FirstTestNgTest" tests="1" failures="0" timestamp="30 Apr 2021 03:24:02 GMT" time="0.019" errors="0">
  <testcase name="first" time="0.019" classname="com.selenium.testng.FirstTestNgTest"/>
</testsuite> <!-- com.selenium.testng.FirstTestNgTest -->
