<?xml version="1.0" encoding="UTF-8"?>
<!-- Generated by org.testng.reporters.JUnitReportReporter -->
<testsuite hostname="vasu-PC" name="com.selenium.testng.MultipleTest" tests="4" failures="0" timestamp="30 Apr 2021 03:34:19 GMT" time="0.072" errors="0">
  <testcase name="appLaunch" time="0.067" classname="com.selenium.testng.MultipleTest"/>
  <testcase name="appLogout" time="0.002" classname="com.selenium.testng.MultipleTest"/>
  <testcase name="appLogin" time="0.001" classname="com.selenium.testng.MultipleTest"/>
  <testcase name="appClose" time="0.002" classname="com.selenium.testng.MultipleTest"/>
</testsuite> <!-- com.selenium.testng.MultipleTest -->
