<?xml version="1.0" encoding="UTF-8"?>
<!-- Generated by org.testng.reporters.JUnitReportReporter -->
<testsuite hostname="vasu-PC" name="com.selenium.testng.ParameterizationTest" tests="2" failures="0" timestamp="5 May 2021 03:13:44 GMT" time="0.029" errors="0">
  <testcase name="login" time="0.002" classname="com.selenium.testng.ParameterizationTest"/>
  <testcase name="login" time="0.027" classname="com.selenium.testng.ParameterizationTest"/>
</testsuite> <!-- com.selenium.testng.ParameterizationTest -->
