<?xml version="1.0" encoding="UTF-8"?>
<!-- Generated by org.testng.reporters.JUnitReportReporter -->
<testsuite hostname="vasu-PC" name="com.selenium.testng.BranchCreation" tests="2" failures="0" timestamp="5 May 2021 03:10:29 GMT" time="7.365" errors="0">
  <testcase name="branchCreation" time="3.035" classname="com.selenium.testng.BranchCreation"/>
  <testcase name="branchCreation" time="4.330" classname="com.selenium.testng.BranchCreation"/>
</testsuite> <!-- com.selenium.testng.BranchCreation -->
