<?xml version="1.0" encoding="UTF-8"?>
<!-- Generated by org.testng.reporters.JUnitReportReporter -->
<testsuite hostname="vasu-PC" name="com.selenium.grid.OrangeHrmLoginGrid" tests="1" failures="0" timestamp="13 May 2021 03:22:35 GMT" time="10.610" errors="0">
  <testcase name="loginTest" time="10.610" classname="com.selenium.grid.OrangeHrmLoginGrid"/>
</testsuite> <!-- com.selenium.grid.OrangeHrmLoginGrid -->
